This file contains any messages produced by compilers while
running configure, to aid debugging if configure makes a mistake.

It was created by alien configure 0.7.1, which was
generated by GNU Autoconf 2.71.  Invocation command line was

  $ ./configure --libdir=/usr/local/lib/lua/5.1 --datadir=/usr/local/share/lua/5.1

## --------- ##
## Platform. ##
## --------- ##

hostname = tuya-PowerEdge-R740
uname -m = x86_64
uname -r = 5.15.0-100-generic
uname -s = Linux
uname -v = #110~20.04.1-Ubuntu SMP Tue Feb 13 14:25:03 UTC 2024

/usr/bin/uname -p = x86_64
/bin/uname -X     = unknown

/bin/arch              = x86_64
/usr/bin/arch -k       = unknown
/usr/convex/getsysinfo = unknown
/usr/bin/hostinfo      = unknown
/bin/machine           = unknown
/usr/bin/oslevel       = unknown
/bin/universe          = unknown

PATH: /home/shiqq/.local/bin/
PATH: /home/shiqq/.vscode-server/bin/ee2b180d582a7f601fa6ecfdad8d9fd269ab1884/bin/remote-cli/
PATH: /home/shiqq/.local/bin/
PATH: /usr/local/sbin/
PATH: /usr/local/bin/
PATH: /usr/sbin/
PATH: /usr/bin/
PATH: /sbin/
PATH: /bin/
PATH: /usr/games/
PATH: /usr/local/games/
PATH: /snap/bin/
PATH: /home/shiqq/.embcli/
PATH: /home/shiqq/.embed/
PATH: /home/shiqq/.embcli/
PATH: /home/shiqq/.embed/


## ----------- ##
## Core tests. ##
## ----------- ##

configure:2466: looking for aux files: config.guess config.sub ltmain.sh compile ar-lib missing install-sh
configure:2479:  trying ./build-aux/
configure:2508:   ./build-aux/config.guess found
configure:2508:   ./build-aux/config.sub found
configure:2508:   ./build-aux/ltmain.sh found
configure:2508:   ./build-aux/compile found
configure:2508:   ./build-aux/ar-lib found
configure:2508:   ./build-aux/missing found
configure:2490:   ./build-aux/install-sh found
configure:2639: checking for a BSD-compatible install
configure:2712: result: /usr/bin/install -c
configure:2723: checking whether build environment is sane
configure:2778: result: yes
configure:2940: checking for a race-free mkdir -p
configure:2984: result: /usr/bin/mkdir -p
configure:2991: checking for gawk
configure:3026: result: no
configure:2991: checking for mawk
configure:3012: found /usr/bin/mawk
configure:3023: result: mawk
configure:3034: checking whether make sets $(MAKE)
configure:3057: result: yes
configure:3087: checking whether make supports nested variables
configure:3105: result: yes
configure:3240: checking whether make supports nested variables
configure:3258: result: yes
configure:3283: checking whether make supports the include directive
configure:3298: make -f confmf.GNU && cat confinc.out
this is the am__doit target
configure:3301: $? = 0
configure:3320: result: yes (GNU style)
configure:3396: checking for gcc
configure:3417: found /usr/bin/gcc
configure:3428: result: gcc
configure:3781: checking for C compiler version
configure:3790: gcc --version >&5
gcc (Ubuntu 10.5.0-1ubuntu1~20.04) 10.5.0
Copyright (C) 2020 Free Software Foundation, Inc.
This is free software; see the source for copying conditions.  There is NO
warranty; not even for MERCHANTABILITY or FITNESS FOR A PARTICULAR PURPOSE.

configure:3801: $? = 0
configure:3790: gcc -v >&5
Using built-in specs.
COLLECT_GCC=gcc
COLLECT_LTO_WRAPPER=/usr/lib/gcc/x86_64-linux-gnu/10/lto-wrapper
OFFLOAD_TARGET_NAMES=nvptx-none:amdgcn-amdhsa:hsa
OFFLOAD_TARGET_DEFAULT=1
Target: x86_64-linux-gnu
Configured with: ../src/configure -v --with-pkgversion='Ubuntu 10.5.0-1ubuntu1~20.04' --with-bugurl=file:///usr/share/doc/gcc-10/README.Bugs --enable-languages=c,ada,c++,go,brig,d,fortran,objc,obj-c++,m2 --prefix=/usr --with-gcc-major-version-only --program-suffix=-10 --program-prefix=x86_64-linux-gnu- --enable-shared --enable-linker-build-id --libexecdir=/usr/lib --without-included-gettext --enable-threads=posix --libdir=/usr/lib --enable-nls --enable-bootstrap --enable-clocale=gnu --enable-libstdcxx-debug --enable-libstdcxx-time=yes --with-default-libstdcxx-abi=new --enable-gnu-unique-object --disable-vtable-verify --enable-plugin --enable-default-pie --with-system-zlib --enable-libphobos-checking=release --with-target-system-zlib=auto --enable-objc-gc=auto --enable-multiarch --disable-werror --with-arch-32=i686 --with-abi=m64 --with-multilib-list=m32,m64,mx32 --enable-multilib --with-tune=generic --enable-offload-targets=nvptx-none=/build/gcc-10-g5VkgL/gcc-10-10.5.0/debian/tmp-nvptx/usr,amdgcn-amdhsa=/build/gcc-10-g5VkgL/gcc-10-10.5.0/debian/tmp-gcn/usr,hsa --without-cuda-driver --enable-checking=release --build=x86_64-linux-gnu --host=x86_64-linux-gnu --target=x86_64-linux-gnu --with-build-config=bootstrap-lto-lean --enable-link-mutex
Thread model: posix
Supported LTO compression algorithms: zlib zstd
gcc version 10.5.0 (Ubuntu 10.5.0-1ubuntu1~20.04) 
... rest of stderr output deleted ...
configure:3801: $? = 0
configure:3790: gcc -V >&5
gcc: error: unrecognized command-line option '-V'
gcc: fatal error: no input files
compilation terminated.
configure:3801: $? = 1
configure:3790: gcc -qversion >&5
gcc: error: unrecognized command-line option '-qversion'; did you mean '--version'?
gcc: fatal error: no input files
compilation terminated.
configure:3801: $? = 1
configure:3790: gcc -version >&5
gcc: error: unrecognized command-line option '-version'
gcc: fatal error: no input files
compilation terminated.
configure:3801: $? = 1
configure:3821: checking whether the C compiler works
configure:3843: gcc    conftest.c  >&5
configure:3847: $? = 0
configure:3897: result: yes
configure:3900: checking for C compiler default output file name
configure:3902: result: a.out
configure:3908: checking for suffix of executables
configure:3915: gcc -o conftest    conftest.c  >&5
configure:3919: $? = 0
configure:3942: result: 
configure:3964: checking whether we are cross compiling
configure:3972: gcc -o conftest    conftest.c  >&5
configure:3976: $? = 0
configure:3983: ./conftest
configure:3987: $? = 0
configure:3975: result: no
configure:3980: checking for suffix of object files
configure:4003: gcc -c   conftest.c >&5
configure:4007: $? = 0
configure:4029: result: o
configure:4033: checking whether the compiler supports GNU C
configure:4053: gcc -c   conftest.c >&5
configure:4053: $? = 0
configure:4063: result: yes
configure:4074: checking whether gcc accepts -g
configure:4095: gcc -c -g  conftest.c >&5
configure:4095: $? = 0
configure:4139: result: yes
configure:4159: checking for gcc option to enable C11 features
configure:4174: gcc  -c -g -O2  conftest.c >&5
configure:4174: $? = 0
configure:4192: result: none needed
configure:4308: checking whether gcc understands -c and -o together
configure:4331: gcc -c conftest.c -o conftest2.o
configure:4334: $? = 0
configure:4331: gcc -c conftest.c -o conftest2.o
configure:4334: $? = 0
configure:4346: result: yes
configure:4365: checking dependency style of gcc
configure:4477: result: gcc3
configure:4548: checking for ar
configure:4569: found /usr/bin/ar
configure:4580: result: ar
configure:4606: checking the archiver (ar) interface
configure:4623: gcc -c -g -O2  conftest.c >&5
configure:4623: $? = 0
configure:4626: ar cru libconftest.a conftest.o >&5
ar: `u' modifier ignored since `D' is the default (see `U')
configure:4629: $? = 0
configure:4628: result: ar
configure:4701: checking for gcc
configure:4733: result: gcc
configure:5086: checking for C compiler version
configure:5095: gcc --version >&5
gcc (Ubuntu 10.5.0-1ubuntu1~20.04) 10.5.0
Copyright (C) 2020 Free Software Foundation, Inc.
This is free software; see the source for copying conditions.  There is NO
warranty; not even for MERCHANTABILITY or FITNESS FOR A PARTICULAR PURPOSE.

configure:5106: $? = 0
configure:5095: gcc -v >&5
Using built-in specs.
COLLECT_GCC=gcc
COLLECT_LTO_WRAPPER=/usr/lib/gcc/x86_64-linux-gnu/10/lto-wrapper
OFFLOAD_TARGET_NAMES=nvptx-none:amdgcn-amdhsa:hsa
OFFLOAD_TARGET_DEFAULT=1
Target: x86_64-linux-gnu
Configured with: ../src/configure -v --with-pkgversion='Ubuntu 10.5.0-1ubuntu1~20.04' --with-bugurl=file:///usr/share/doc/gcc-10/README.Bugs --enable-languages=c,ada,c++,go,brig,d,fortran,objc,obj-c++,m2 --prefix=/usr --with-gcc-major-version-only --program-suffix=-10 --program-prefix=x86_64-linux-gnu- --enable-shared --enable-linker-build-id --libexecdir=/usr/lib --without-included-gettext --enable-threads=posix --libdir=/usr/lib --enable-nls --enable-bootstrap --enable-clocale=gnu --enable-libstdcxx-debug --enable-libstdcxx-time=yes --with-default-libstdcxx-abi=new --enable-gnu-unique-object --disable-vtable-verify --enable-plugin --enable-default-pie --with-system-zlib --enable-libphobos-checking=release --with-target-system-zlib=auto --enable-objc-gc=auto --enable-multiarch --disable-werror --with-arch-32=i686 --with-abi=m64 --with-multilib-list=m32,m64,mx32 --enable-multilib --with-tune=generic --enable-offload-targets=nvptx-none=/build/gcc-10-g5VkgL/gcc-10-10.5.0/debian/tmp-nvptx/usr,amdgcn-amdhsa=/build/gcc-10-g5VkgL/gcc-10-10.5.0/debian/tmp-gcn/usr,hsa --without-cuda-driver --enable-checking=release --build=x86_64-linux-gnu --host=x86_64-linux-gnu --target=x86_64-linux-gnu --with-build-config=bootstrap-lto-lean --enable-link-mutex
Thread model: posix
Supported LTO compression algorithms: zlib zstd
gcc version 10.5.0 (Ubuntu 10.5.0-1ubuntu1~20.04) 
... rest of stderr output deleted ...
configure:5106: $? = 0
configure:5095: gcc -V >&5
gcc: error: unrecognized command-line option '-V'
gcc: fatal error: no input files
compilation terminated.
configure:5106: $? = 1
configure:5095: gcc -qversion >&5
gcc: error: unrecognized command-line option '-qversion'; did you mean '--version'?
gcc: fatal error: no input files
compilation terminated.
configure:5106: $? = 1
configure:5095: gcc -version >&5
gcc: error: unrecognized command-line option '-version'
gcc: fatal error: no input files
compilation terminated.
configure:5106: $? = 1
configure:5110: checking whether the compiler supports GNU C
configure:5140: result: yes
configure:5151: checking whether gcc accepts -g
configure:5216: result: yes
configure:5236: checking for gcc option to enable C11 features
configure:5269: result: none needed
configure:5385: checking whether gcc understands -c and -o together
configure:5423: result: yes
configure:5442: checking dependency style of gcc
configure:5554: result: gcc3
configure:5608: checking build system type
configure:5623: result: x86_64-pc-linux-gnu
configure:5643: checking host system type
configure:5657: result: x86_64-pc-linux-gnu
configure:5698: checking how to print strings
configure:5725: result: printf
configure:5746: checking for a sed that does not truncate output
configure:5816: result: /usr/bin/sed
configure:5834: checking for grep that handles long lines and -e
configure:5898: result: /usr/bin/grep
configure:5903: checking for egrep
configure:5971: result: /usr/bin/grep -E
configure:5976: checking for fgrep
configure:6044: result: /usr/bin/grep -F
configure:6080: checking for ld used by gcc
configure:6148: result: /usr/bin/ld
configure:6155: checking if the linker (/usr/bin/ld) is GNU ld
configure:6171: result: yes
configure:6183: checking for BSD- or MS-compatible name lister (nm)
configure:6238: result: /usr/bin/nm -B
configure:6378: checking the name lister (/usr/bin/nm -B) interface
configure:6386: gcc -c -g -O2  conftest.c >&5
configure:6389: /usr/bin/nm -B "conftest.o"
configure:6392: output
0000000000000000 B some_variable
configure:6393: result: BSD nm
configure:6396: checking whether ln -s works
configure:6400: result: yes
configure:6408: checking the maximum length of command line arguments
configure:6540: result: 1572864
configure:6588: checking how to convert x86_64-pc-linux-gnu file names to x86_64-pc-linux-gnu format
configure:6629: result: func_convert_file_noop
configure:6636: checking how to convert x86_64-pc-linux-gnu file names to toolchain format
configure:6657: result: func_convert_file_noop
configure:6664: checking for /usr/bin/ld option to reload object files
configure:6672: result: -r
configure:6751: checking for objdump
configure:6772: found /usr/bin/objdump
configure:6783: result: objdump
configure:6815: checking how to recognize dependent libraries
configure:7016: result: pass_all
configure:7106: checking for dlltool
configure:7141: result: no
configure:7171: checking how to associate runtime and link libraries
configure:7199: result: printf %s\n
configure:7333: checking for archiver @FILE support
configure:7351: gcc -c -g -O2  conftest.c >&5
configure:7351: $? = 0
configure:7355: ar cr libconftest.a @conftest.lst >&5
configure:7358: $? = 0
configure:7363: ar cr libconftest.a @conftest.lst >&5
ar: conftest.o: No such file or directory
configure:7366: $? = 1
configure:7365: result: @
configure:7428: checking for strip
configure:7449: found /usr/bin/strip
configure:7460: result: strip
configure:7537: checking for ranlib
configure:7558: found /usr/bin/ranlib
configure:7569: result: ranlib
configure:7671: checking command to parse /usr/bin/nm -B output from gcc object
configure:7825: gcc -c -g -O2  conftest.c >&5
configure:7828: $? = 0
configure:7832: /usr/bin/nm -B conftest.o | sed -n -e 's/^.*[	 ]\([ABCDGIRSTW][ABCDGIRSTW]*\)[	 ][	 ]*\([_A-Za-z][_A-Za-z0-9]*\)$/\1 \2 \2/p' | sed '/ __gnu_lto/d' > conftest.nm
configure:7898: gcc -o conftest -g -O2   conftest.c conftstm.o >&5
configure:7901: $? = 0
configure:7939: result: ok
configure:7986: checking for sysroot
configure:8017: result: no
configure:8024: checking for a working dd
configure:8068: result: /usr/bin/dd
configure:8072: checking how to truncate binary pipes
configure:8088: result: /usr/bin/dd bs=4096 count=1
configure:8225: gcc -c -g -O2  conftest.c >&5
configure:8228: $? = 0
configure:8425: checking for mt
configure:8446: found /usr/bin/mt
configure:8457: result: mt
configure:8480: checking if mt is a manifest tool
configure:8487: mt '-?'
configure:8495: result: no
configure:9225: checking for stdio.h
configure:9225: gcc -c -g -O2  conftest.c >&5
configure:9225: $? = 0
configure:9225: result: yes
configure:9225: checking for stdlib.h
configure:9225: gcc -c -g -O2  conftest.c >&5
configure:9225: $? = 0
configure:9225: result: yes
configure:9225: checking for string.h
configure:9225: gcc -c -g -O2  conftest.c >&5
configure:9225: $? = 0
configure:9225: result: yes
configure:9225: checking for inttypes.h
configure:9225: gcc -c -g -O2  conftest.c >&5
configure:9225: $? = 0
configure:9225: result: yes
configure:9225: checking for stdint.h
configure:9225: gcc -c -g -O2  conftest.c >&5
configure:9225: $? = 0
configure:9225: result: yes
configure:9225: checking for strings.h
configure:9225: gcc -c -g -O2  conftest.c >&5
configure:9225: $? = 0
configure:9225: result: yes
configure:9225: checking for sys/stat.h
configure:9225: gcc -c -g -O2  conftest.c >&5
configure:9225: $? = 0
configure:9225: result: yes
configure:9225: checking for sys/types.h
configure:9225: gcc -c -g -O2  conftest.c >&5
configure:9225: $? = 0
configure:9225: result: yes
configure:9225: checking for unistd.h
configure:9225: gcc -c -g -O2  conftest.c >&5
configure:9225: $? = 0
configure:9225: result: yes
configure:9250: checking for dlfcn.h
configure:9250: gcc -c -g -O2  conftest.c >&5
configure:9250: $? = 0
configure:9250: result: yes
configure:9508: checking for objdir
configure:9524: result: .libs
configure:9788: checking if gcc supports -fno-rtti -fno-exceptions
configure:9807: gcc -c -g -O2  -fno-rtti -fno-exceptions conftest.c >&5
cc1: warning: command-line option '-fno-rtti' is valid for C++/D/ObjC++ but not for C
configure:9811: $? = 0
configure:9824: result: no
configure:10188: checking for gcc option to produce PIC
configure:10196: result: -fPIC -DPIC
configure:10204: checking if gcc PIC flag -fPIC -DPIC works
configure:10223: gcc -c -g -O2  -fPIC -DPIC -DPIC conftest.c >&5
configure:10227: $? = 0
configure:10240: result: yes
configure:10269: checking if gcc static flag -static works
configure:10298: result: yes
configure:10313: checking if gcc supports -c -o file.o
configure:10335: gcc -c -g -O2  -o out/conftest2.o conftest.c >&5
configure:10339: $? = 0
configure:10361: result: yes
configure:10369: checking if gcc supports -c -o file.o
configure:10417: result: yes
configure:10450: checking whether the gcc linker (/usr/bin/ld -m elf_x86_64) supports shared libraries
configure:11720: result: yes
configure:11757: checking whether -lc should be explicitly linked in
configure:11766: gcc -c -g -O2  conftest.c >&5
configure:11769: $? = 0
configure:11784: gcc -shared  -fPIC -DPIC conftest.o  -v -Wl,-soname -Wl,conftest -o conftest 2\>\&1 \| /usr/bin/grep  -lc  \>/dev/null 2\>\&1
configure:11787: $? = 0
configure:11801: result: no
configure:11961: checking dynamic linker characteristics
configure:12543: gcc -o conftest -g -O2   -Wl,-rpath -Wl,/foo conftest.c  >&5
configure:12543: $? = 0
configure:12794: result: GNU/Linux ld.so
configure:12916: checking how to hardcode library paths into programs
configure:12941: result: immediate
configure:13493: checking whether stripping libraries is possible
configure:13498: result: yes
configure:13533: checking if libtool supports shared libraries
configure:13535: result: yes
configure:13538: checking whether to build shared libraries
configure:13563: result: yes
configure:13566: checking whether to build static libraries
configure:13570: result: no
configure:10375: checking for egrep
configure:10443: result: /usr/bin/grep -E
configure:10450: checking for size_t
configure:10450: gcc -c -g -O2  conftest.c >&5
configure:10450: $? = 0
configure:10450: gcc -c -g -O2  conftest.c >&5
conftest.c: In function 'main':
conftest.c:54:21: error: expected expression before ')' token
   54 | if (sizeof ((size_t)))
      |                     ^
configure:10450: $? = 1
configure: failed program was:
| /* confdefs.h */
| #define PACKAGE_NAME "alien"
| #define PACKAGE_TARNAME "alien"
| #define PACKAGE_VERSION "0.7.1"
| #define PACKAGE_STRING "alien 0.7.1"
| #define PACKAGE_BUGREPORT "http://mascarenhas.github.com/alien"
| #define PACKAGE_URL ""
| #define PACKAGE "alien"
| #define VERSION "0.7.1"
| #define HAVE_STDIO_H 1
| #define HAVE_STDLIB_H 1
| #define HAVE_STRING_H 1
| #define HAVE_INTTYPES_H 1
| #define HAVE_STDINT_H 1
| #define HAVE_STRINGS_H 1
| #define HAVE_SYS_STAT_H 1
| #define HAVE_SYS_TYPES_H 1
| #define HAVE_UNISTD_H 1
| #define STDC_HEADERS 1
| #define HAVE_DLFCN_H 1
| #define LT_OBJDIR ".libs/"
| /* end confdefs.h.  */
| #include <stddef.h>
| #ifdef HAVE_STDIO_H
| # include <stdio.h>
| #endif
| #ifdef HAVE_STDLIB_H
| # include <stdlib.h>
| #endif
| #ifdef HAVE_STRING_H
| # include <string.h>
| #endif
| #ifdef HAVE_INTTYPES_H
| # include <inttypes.h>
| #endif
| #ifdef HAVE_STDINT_H
| # include <stdint.h>
| #endif
| #ifdef HAVE_STRINGS_H
| # include <strings.h>
| #endif
| #ifdef HAVE_SYS_TYPES_H
| # include <sys/types.h>
| #endif
| #ifdef HAVE_SYS_STAT_H
| # include <sys/stat.h>
| #endif
| #ifdef HAVE_UNISTD_H
| # include <unistd.h>
| #endif
| int
| main (void)
| {
| if (sizeof ((size_t)))
| 	    return 0;
|   ;
|   return 0;
| }
configure:10450: result: yes
configure:10462: checking for working alloca.h
configure:10480: gcc -o conftest -g -O2   conftest.c  >&5
configure:10480: $? = 0
configure:10489: result: yes
configure:10497: checking for alloca
configure:10542: result: yes
configure:10613: checking for ffi.h
configure:10613: gcc -c -g -O2  conftest.c >&5
configure:10613: $? = 0
configure:10613: result: yes
configure:10630: checking for ffi_closure_alloc in -lffi
configure:10653: gcc -o conftest -g -O2   conftest.c -lffi   >&5
configure:10653: $? = 0
configure:10663: result: yes
configure:10678: checking for stdint.h
configure:10678: result: yes
configure:10755: checking for a Lua interpreter with version >= 5.1, < 5.4
configure:10807: result: lua
configure:10815: checking for lua
configure:10838: found /usr/bin/lua
configure:10850: result: /usr/bin/lua
configure:10869: checking for lua version
configure:10881: result: 5.3
configure:10892: checking for lua platform
configure:10900: result: unknown
configure:10910: checking for lua script directory
configure:10963: result: ${prefix}/share/lua/5.3
configure:10970: checking for lua module directory
configure:11023: result: ${exec_prefix}/lib/lua/5.3
configure:11035: checking if LUA_VERSION is defined
configure:11039: result: yes
configure:11055: checking for lua.h
configure:11055: gcc -c -g -O2   conftest.c >&5
conftest.c:56:10: fatal error: lua.h: No such file or directory
   56 | #include <lua.h>
      |          ^~~~~~~
compilation terminated.
configure:11055: $? = 1
configure: failed program was:
| /* confdefs.h */
| #define PACKAGE_NAME "alien"
| #define PACKAGE_TARNAME "alien"
| #define PACKAGE_VERSION "0.7.1"
| #define PACKAGE_STRING "alien 0.7.1"
| #define PACKAGE_BUGREPORT "http://mascarenhas.github.com/alien"
| #define PACKAGE_URL ""
| #define PACKAGE "alien"
| #define VERSION "0.7.1"
| #define HAVE_STDIO_H 1
| #define HAVE_STDLIB_H 1
| #define HAVE_STRING_H 1
| #define HAVE_INTTYPES_H 1
| #define HAVE_STDINT_H 1
| #define HAVE_STRINGS_H 1
| #define HAVE_SYS_STAT_H 1
| #define HAVE_SYS_TYPES_H 1
| #define HAVE_UNISTD_H 1
| #define STDC_HEADERS 1
| #define HAVE_DLFCN_H 1
| #define LT_OBJDIR ".libs/"
| #define HAVE_ALLOCA_H 1
| #define HAVE_ALLOCA 1
| #define HAVE_FFI_H 1
| #define HAVE_LIBFFI 1
| #define HAVE_STDINT_H 1
| /* end confdefs.h.  */
| #include <stddef.h>
| #ifdef HAVE_STDIO_H
| # include <stdio.h>
| #endif
| #ifdef HAVE_STDLIB_H
| # include <stdlib.h>
| #endif
| #ifdef HAVE_STRING_H
| # include <string.h>
| #endif
| #ifdef HAVE_INTTYPES_H
| # include <inttypes.h>
| #endif
| #ifdef HAVE_STDINT_H
| # include <stdint.h>
| #endif
| #ifdef HAVE_STRINGS_H
| # include <strings.h>
| #endif
| #ifdef HAVE_SYS_TYPES_H
| # include <sys/types.h>
| #endif
| #ifdef HAVE_SYS_STAT_H
| # include <sys/stat.h>
| #endif
| #ifdef HAVE_UNISTD_H
| # include <unistd.h>
| #endif
| #include <lua.h>
configure:11055: result: no
configure:11061: checking for lualib.h
configure:11061: gcc -c -g -O2   conftest.c >&5
conftest.c:56:10: fatal error: lualib.h: No such file or directory
   56 | #include <lualib.h>
      |          ^~~~~~~~~~
compilation terminated.
configure:11061: $? = 1
configure: failed program was:
| /* confdefs.h */
| #define PACKAGE_NAME "alien"
| #define PACKAGE_TARNAME "alien"
| #define PACKAGE_VERSION "0.7.1"
| #define PACKAGE_STRING "alien 0.7.1"
| #define PACKAGE_BUGREPORT "http://mascarenhas.github.com/alien"
| #define PACKAGE_URL ""
| #define PACKAGE "alien"
| #define VERSION "0.7.1"
| #define HAVE_STDIO_H 1
| #define HAVE_STDLIB_H 1
| #define HAVE_STRING_H 1
| #define HAVE_INTTYPES_H 1
| #define HAVE_STDINT_H 1
| #define HAVE_STRINGS_H 1
| #define HAVE_SYS_STAT_H 1
| #define HAVE_SYS_TYPES_H 1
| #define HAVE_UNISTD_H 1
| #define STDC_HEADERS 1
| #define HAVE_DLFCN_H 1
| #define LT_OBJDIR ".libs/"
| #define HAVE_ALLOCA_H 1
| #define HAVE_ALLOCA 1
| #define HAVE_FFI_H 1
| #define HAVE_LIBFFI 1
| #define HAVE_STDINT_H 1
| /* end confdefs.h.  */
| #include <stddef.h>
| #ifdef HAVE_STDIO_H
| # include <stdio.h>
| #endif
| #ifdef HAVE_STDLIB_H
| # include <stdlib.h>
| #endif
| #ifdef HAVE_STRING_H
| # include <string.h>
| #endif
| #ifdef HAVE_INTTYPES_H
| # include <inttypes.h>
| #endif
| #ifdef HAVE_STDINT_H
| # include <stdint.h>
| #endif
| #ifdef HAVE_STRINGS_H
| # include <strings.h>
| #endif
| #ifdef HAVE_SYS_TYPES_H
| # include <sys/types.h>
| #endif
| #ifdef HAVE_SYS_STAT_H
| # include <sys/stat.h>
| #endif
| #ifdef HAVE_UNISTD_H
| # include <unistd.h>
| #endif
| #include <lualib.h>
configure:11061: result: no
configure:11067: checking for lauxlib.h
configure:11067: gcc -c -g -O2   conftest.c >&5
conftest.c:56:10: fatal error: lauxlib.h: No such file or directory
   56 | #include <lauxlib.h>
      |          ^~~~~~~~~~~
compilation terminated.
configure:11067: $? = 1
configure: failed program was:
| /* confdefs.h */
| #define PACKAGE_NAME "alien"
| #define PACKAGE_TARNAME "alien"
| #define PACKAGE_VERSION "0.7.1"
| #define PACKAGE_STRING "alien 0.7.1"
| #define PACKAGE_BUGREPORT "http://mascarenhas.github.com/alien"
| #define PACKAGE_URL ""
| #define PACKAGE "alien"
| #define VERSION "0.7.1"
| #define HAVE_STDIO_H 1
| #define HAVE_STDLIB_H 1
| #define HAVE_STRING_H 1
| #define HAVE_INTTYPES_H 1
| #define HAVE_STDINT_H 1
| #define HAVE_STRINGS_H 1
| #define HAVE_SYS_STAT_H 1
| #define HAVE_SYS_TYPES_H 1
| #define HAVE_UNISTD_H 1
| #define STDC_HEADERS 1
| #define HAVE_DLFCN_H 1
| #define LT_OBJDIR ".libs/"
| #define HAVE_ALLOCA_H 1
| #define HAVE_ALLOCA 1
| #define HAVE_FFI_H 1
| #define HAVE_LIBFFI 1
| #define HAVE_STDINT_H 1
| /* end confdefs.h.  */
| #include <stddef.h>
| #ifdef HAVE_STDIO_H
| # include <stdio.h>
| #endif
| #ifdef HAVE_STDLIB_H
| # include <stdlib.h>
| #endif
| #ifdef HAVE_STRING_H
| # include <string.h>
| #endif
| #ifdef HAVE_INTTYPES_H
| # include <inttypes.h>
| #endif
| #ifdef HAVE_STDINT_H
| # include <stdint.h>
| #endif
| #ifdef HAVE_STRINGS_H
| # include <strings.h>
| #endif
| #ifdef HAVE_SYS_TYPES_H
| # include <sys/types.h>
| #endif
| #ifdef HAVE_SYS_STAT_H
| # include <sys/stat.h>
| #endif
| #ifdef HAVE_UNISTD_H
| # include <unistd.h>
| #endif
| #include <lauxlib.h>
configure:11067: result: no
configure:11073: checking for luaconf.h
configure:11073: gcc -c -g -O2   conftest.c >&5
conftest.c:56:10: fatal error: luaconf.h: No such file or directory
   56 | #include <luaconf.h>
      |          ^~~~~~~~~~~
compilation terminated.
configure:11073: $? = 1
configure: failed program was:
| /* confdefs.h */
| #define PACKAGE_NAME "alien"
| #define PACKAGE_TARNAME "alien"
| #define PACKAGE_VERSION "0.7.1"
| #define PACKAGE_STRING "alien 0.7.1"
| #define PACKAGE_BUGREPORT "http://mascarenhas.github.com/alien"
| #define PACKAGE_URL ""
| #define PACKAGE "alien"
| #define VERSION "0.7.1"
| #define HAVE_STDIO_H 1
| #define HAVE_STDLIB_H 1
| #define HAVE_STRING_H 1
| #define HAVE_INTTYPES_H 1
| #define HAVE_STDINT_H 1
| #define HAVE_STRINGS_H 1
| #define HAVE_SYS_STAT_H 1
| #define HAVE_SYS_TYPES_H 1
| #define HAVE_UNISTD_H 1
| #define STDC_HEADERS 1
| #define HAVE_DLFCN_H 1
| #define LT_OBJDIR ".libs/"
| #define HAVE_ALLOCA_H 1
| #define HAVE_ALLOCA 1
| #define HAVE_FFI_H 1
| #define HAVE_LIBFFI 1
| #define HAVE_STDINT_H 1
| /* end confdefs.h.  */
| #include <stddef.h>
| #ifdef HAVE_STDIO_H
| # include <stdio.h>
| #endif
| #ifdef HAVE_STDLIB_H
| # include <stdlib.h>
| #endif
| #ifdef HAVE_STRING_H
| # include <string.h>
| #endif
| #ifdef HAVE_INTTYPES_H
| # include <inttypes.h>
| #endif
| #ifdef HAVE_STDINT_H
| # include <stdint.h>
| #endif
| #ifdef HAVE_STRINGS_H
| # include <strings.h>
| #endif
| #ifdef HAVE_SYS_TYPES_H
| # include <sys/types.h>
| #endif
| #ifdef HAVE_SYS_STAT_H
| # include <sys/stat.h>
| #endif
| #ifdef HAVE_UNISTD_H
| # include <unistd.h>
| #endif
| #include <luaconf.h>
configure:11073: result: no
configure:11341: checking that generated files are newer than configure
configure:11347: result: done
configure:11374: creating ./config.status

## ---------------------- ##
## Running config.status. ##
## ---------------------- ##

This file was extended by alien config.status 0.7.1, which was
generated by GNU Autoconf 2.71.  Invocation command line was

  CONFIG_FILES    = 
  CONFIG_HEADERS  = 
  CONFIG_LINKS    = 
  CONFIG_COMMANDS = 
  $ ./config.status 

on tuya-PowerEdge-R740

config.status:1094: creating Makefile
config.status:1094: creating alien-0.7.1-1.rockspec
config.status:1094: creating config.h
config.status:1323: executing depfiles commands
config.status:1400: cd .       && sed -e '/# am--include-marker/d' Makefile         | make -f - am--depfiles
config.status:1405: $? = 0
config.status:1323: executing libtool commands

## ---------------- ##
## Cache variables. ##
## ---------------- ##

ac_cv_build=x86_64-pc-linux-gnu
ac_cv_c_compiler_gnu=yes
ac_cv_env_CC_set=
ac_cv_env_CC_value=
ac_cv_env_CFLAGS_set=
ac_cv_env_CFLAGS_value=
ac_cv_env_CPPFLAGS_set=
ac_cv_env_CPPFLAGS_value=
ac_cv_env_LDFLAGS_set=
ac_cv_env_LDFLAGS_value=
ac_cv_env_LIBS_set=
ac_cv_env_LIBS_value=
ac_cv_env_LT_SYS_LIBRARY_PATH_set=
ac_cv_env_LT_SYS_LIBRARY_PATH_value=
ac_cv_env_LUA_INCLUDE_set=
ac_cv_env_LUA_INCLUDE_value=
ac_cv_env_LUA_set=
ac_cv_env_LUA_value=
ac_cv_env_build_alias_set=
ac_cv_env_build_alias_value=
ac_cv_env_host_alias_set=
ac_cv_env_host_alias_value=
ac_cv_env_target_alias_set=
ac_cv_env_target_alias_value=
ac_cv_func_alloca_works=yes
ac_cv_header_dlfcn_h=yes
ac_cv_header_ffi_h=yes
ac_cv_header_inttypes_h=yes
ac_cv_header_lauxlib_h=no
ac_cv_header_lua_h=no
ac_cv_header_luaconf_h=no
ac_cv_header_lualib_h=no
ac_cv_header_stdint_h=yes
ac_cv_header_stdio_h=yes
ac_cv_header_stdlib_h=yes
ac_cv_header_string_h=yes
ac_cv_header_strings_h=yes
ac_cv_header_sys_stat_h=yes
ac_cv_header_sys_types_h=yes
ac_cv_header_unistd_h=yes
ac_cv_host=x86_64-pc-linux-gnu
ac_cv_lib_ffi_ffi_closure_alloc=yes
ac_cv_objext=o
ac_cv_path_EGREP='/usr/bin/grep -E'
ac_cv_path_FGREP='/usr/bin/grep -F'
ac_cv_path_GREP=/usr/bin/grep
ac_cv_path_LUA=/usr/bin/lua
ac_cv_path_SED=/usr/bin/sed
ac_cv_path_install='/usr/bin/install -c'
ac_cv_path_lt_DD=/usr/bin/dd
ac_cv_path_mkdir=/usr/bin/mkdir
ac_cv_prog_AWK=mawk
ac_cv_prog_ac_ct_AR=ar
ac_cv_prog_ac_ct_CC=gcc
ac_cv_prog_ac_ct_MANIFEST_TOOL=mt
ac_cv_prog_ac_ct_OBJDUMP=objdump
ac_cv_prog_ac_ct_RANLIB=ranlib
ac_cv_prog_ac_ct_STRIP=strip
ac_cv_prog_cc_c11=
ac_cv_prog_cc_g=yes
ac_cv_prog_cc_stdc=
ac_cv_prog_make_make_set=yes
ac_cv_type_size_t=yes
ac_cv_working_alloca_h=yes
am_cv_CC_dependencies_compiler_type=gcc3
am_cv_ar_interface=ar
am_cv_make_support_nested_variables=yes
am_cv_prog_cc_c_o=yes
ax_cv_lua_luadir='${prefix}/share/lua/5.3'
ax_cv_lua_luaexecdir='${exec_prefix}/lib/lua/5.3'
ax_cv_lua_platform=unknown
ax_cv_lua_version=5.3
ax_cv_pathless_LUA=lua
lt_cv_ar_at_file=@
lt_cv_archive_cmds_need_lc=no
lt_cv_deplibs_check_method=pass_all
lt_cv_file_magic_cmd='$MAGIC_CMD'
lt_cv_file_magic_test_file=
lt_cv_ld_reload_flag=-r
lt_cv_nm_interface='BSD nm'
lt_cv_objdir=.libs
lt_cv_path_LD=/usr/bin/ld
lt_cv_path_NM='/usr/bin/nm -B'
lt_cv_path_mainfest_tool=no
lt_cv_prog_compiler_c_o=yes
lt_cv_prog_compiler_pic='-fPIC -DPIC'
lt_cv_prog_compiler_pic_works=yes
lt_cv_prog_compiler_rtti_exceptions=no
lt_cv_prog_compiler_static_works=yes
lt_cv_prog_gnu_ld=yes
lt_cv_sharedlib_from_linklib_cmd='printf %s\n'
lt_cv_shlibpath_overrides_runpath=yes
lt_cv_sys_global_symbol_pipe='sed -n -e '\''s/^.*[	 ]\([ABCDGIRSTW][ABCDGIRSTW]*\)[	 ][	 ]*\([_A-Za-z][_A-Za-z0-9]*\)$/\1 \2 \2/p'\'' | sed '\''/ __gnu_lto/d'\'''
lt_cv_sys_global_symbol_to_c_name_address='sed -n -e '\''s/^: \(.*\) .*$/  {"\1", (void *) 0},/p'\'' -e '\''s/^[ABCDGIRSTW][ABCDGIRSTW]* .* \(.*\)$/  {"\1", (void *) \&\1},/p'\'''
lt_cv_sys_global_symbol_to_c_name_address_lib_prefix='sed -n -e '\''s/^: \(.*\) .*$/  {"\1", (void *) 0},/p'\'' -e '\''s/^[ABCDGIRSTW][ABCDGIRSTW]* .* \(lib.*\)$/  {"\1", (void *) \&\1},/p'\'' -e '\''s/^[ABCDGIRSTW][ABCDGIRSTW]* .* \(.*\)$/  {"lib\1", (void *) \&\1},/p'\'''
lt_cv_sys_global_symbol_to_cdecl='sed -n -e '\''s/^T .* \(.*\)$/extern int \1();/p'\'' -e '\''s/^[ABCDGIRSTW][ABCDGIRSTW]* .* \(.*\)$/extern char \1;/p'\'''
lt_cv_sys_global_symbol_to_import=
lt_cv_sys_max_cmd_len=1572864
lt_cv_to_host_file_cmd=func_convert_file_noop
lt_cv_to_tool_file_cmd=func_convert_file_noop
lt_cv_truncate_bin='/usr/bin/dd bs=4096 count=1'

## ----------------- ##
## Output variables. ##
## ----------------- ##

ACLOCAL='${SHELL} /home/share/shiqq/tuyacode/tuyaos-iot/components/elua_catx/plugin/alien/build-aux/missing aclocal-1.16'
ALLOCA=''
AMDEPBACKSLASH='\'
AMDEP_FALSE='#'
AMDEP_TRUE=''
AMTAR='$${TAR-tar}'
AM_BACKSLASH='\'
AM_DEFAULT_V='$(AM_DEFAULT_VERBOSITY)'
AM_DEFAULT_VERBOSITY='0'
AM_V='$(V)'
AR='ar'
AUTOCONF='${SHELL} /home/share/shiqq/tuyacode/tuyaos-iot/components/elua_catx/plugin/alien/build-aux/missing autoconf'
AUTOHEADER='${SHELL} /home/share/shiqq/tuyacode/tuyaos-iot/components/elua_catx/plugin/alien/build-aux/missing autoheader'
AUTOMAKE='${SHELL} /home/share/shiqq/tuyacode/tuyaos-iot/components/elua_catx/plugin/alien/build-aux/missing automake-1.16'
AWK='mawk'
CC='gcc'
CCDEPMODE='depmode=gcc3'
CFLAGS='-g -O2'
CFLAGS_STACK='-fno-stack-protector -Wall'
CPPFLAGS=''
CYGPATH_W='echo'
DEFS='-DHAVE_CONFIG_H'
DEPDIR='.deps'
DLLTOOL='false'
DSYMUTIL=''
DUMPBIN=''
ECHO_C=''
ECHO_N='-n'
ECHO_T=''
EGREP='/usr/bin/grep -E'
EXEEXT=''
FGREP='/usr/bin/grep -F'
GREP='/usr/bin/grep'
INSTALL_DATA='${INSTALL} -m 644'
INSTALL_PROGRAM='${INSTALL}'
INSTALL_SCRIPT='${INSTALL}'
INSTALL_STRIP_PROGRAM='$(install_sh) -c -s'
LD='/usr/bin/ld -m elf_x86_64'
LDFLAGS=''
LIBOBJS=''
LIBS='-lffi '
LIBTOOL='$(SHELL) $(top_builddir)/libtool'
LIBTOOL_DEPS='./build-aux//ltmain.sh'
LIPO=''
LN_S='ln -s'
LTLIBOBJS=''
LT_SYS_LIBRARY_PATH=''
LUA='/usr/bin/lua'
LUA_EXEC_PREFIX='${exec_prefix}'
LUA_INCLUDE=''
LUA_PLATFORM='unknown'
LUA_PREFIX='${prefix}'
LUA_SHORT_VERSION='53'
LUA_VERSION='5.3'
MAKEINFO='${SHELL} /home/share/shiqq/tuyacode/tuyaos-iot/components/elua_catx/plugin/alien/build-aux/missing makeinfo'
MANIFEST_TOOL=':'
MKDIR_P='/usr/bin/mkdir -p'
NM='/usr/bin/nm -B'
NMEDIT=''
OBJDUMP='objdump'
OBJEXT='o'
OTOOL64=''
OTOOL=''
PACKAGE='alien'
PACKAGE_BUGREPORT='http://mascarenhas.github.com/alien'
PACKAGE_NAME='alien'
PACKAGE_STRING='alien 0.7.1'
PACKAGE_TARNAME='alien'
PACKAGE_URL=''
PACKAGE_VERSION='0.7.1'
PATH_SEPARATOR=':'
RANLIB='ranlib'
SED='/usr/bin/sed'
SET_MAKE=''
SHELL='/bin/sh'
STRIP='strip'
VERSION='0.7.1'
ac_ct_AR='ar'
ac_ct_CC='gcc'
ac_ct_DUMPBIN=''
am__EXEEXT_FALSE=''
am__EXEEXT_TRUE='#'
am__fastdepCC_FALSE='#'
am__fastdepCC_TRUE=''
am__include='include'
am__isrc=''
am__leading_dot='.'
am__nodep='_no'
am__quote=''
am__tar='$${TAR-tar} chof - "$$tardir"'
am__untar='$${TAR-tar} xf -'
bindir='${exec_prefix}/bin'
build='x86_64-pc-linux-gnu'
build_alias=''
build_cpu='x86_64'
build_os='linux-gnu'
build_vendor='pc'
datadir='/usr/local/share/lua/5.1'
datarootdir='${prefix}/share'
docdir='${datarootdir}/doc/${PACKAGE_TARNAME}'
dvidir='${docdir}'
exec_prefix='${prefix}'
host='x86_64-pc-linux-gnu'
host_alias=''
host_cpu='x86_64'
host_os='linux-gnu'
host_vendor='pc'
htmldir='${docdir}'
includedir='${prefix}/include'
infodir='${datarootdir}/info'
install_sh='${SHELL} /home/share/shiqq/tuyacode/tuyaos-iot/components/elua_catx/plugin/alien/build-aux/install-sh'
libdir='/usr/local/lib/lua/5.1'
libexecdir='${exec_prefix}/libexec'
localedir='${datarootdir}/locale'
localstatedir='${prefix}/var'
luadir='${prefix}/share/lua/5.3'
luaexecdir='${exec_prefix}/lib/lua/5.3'
mandir='${datarootdir}/man'
mkdir_p='$(MKDIR_P)'
objdir='.libs'
oldincludedir='/usr/include'
pdfdir='${docdir}'
pkgluadir='${luadir}/alien'
pkgluaexecdir='${luaexecdir}/alien'
prefix='/usr/local'
program_transform_name='s,x,x,'
psdir='${docdir}'
runstatedir='${localstatedir}/run'
sbindir='${exec_prefix}/sbin'
sharedstatedir='${prefix}/com'
shrext='.so'
sysconfdir='${prefix}/etc'
target_alias=''

## ----------- ##
## confdefs.h. ##
## ----------- ##

/* confdefs.h */
#define PACKAGE_NAME "alien"
#define PACKAGE_TARNAME "alien"
#define PACKAGE_VERSION "0.7.1"
#define PACKAGE_STRING "alien 0.7.1"
#define PACKAGE_BUGREPORT "http://mascarenhas.github.com/alien"
#define PACKAGE_URL ""
#define PACKAGE "alien"
#define VERSION "0.7.1"
#define HAVE_STDIO_H 1
#define HAVE_STDLIB_H 1
#define HAVE_STRING_H 1
#define HAVE_INTTYPES_H 1
#define HAVE_STDINT_H 1
#define HAVE_STRINGS_H 1
#define HAVE_SYS_STAT_H 1
#define HAVE_SYS_TYPES_H 1
#define HAVE_UNISTD_H 1
#define STDC_HEADERS 1
#define HAVE_DLFCN_H 1
#define LT_OBJDIR ".libs/"
#define HAVE_ALLOCA_H 1
#define HAVE_ALLOCA 1
#define HAVE_FFI_H 1
#define HAVE_LIBFFI 1
#define HAVE_STDINT_H 1

configure: exit 0
